0 silly argv {
0 silly argv   _: [ 'run' ],
0 silly argv   parallel: true,
0 silly argv   lernaVersion: '3.22.1',
0 silly argv   '$0': '/Users/erikmaanum/Projects/sanity-gatsby-wa-portfolio/node_modules/.bin/lerna',
0 silly argv   script: 'dev'
0 silly argv }
1 notice cli v3.22.1
2 verbose rootPath /Users/erikmaanum/Projects/sanity-gatsby-wa-portfolio
3 info Executing command in 2 packages: "npm run dev"
4 silly npmRunScript.stream [ 'dev', [], 'sanity-gatsby-portfolio-studio' ]
5 silly getExecOpts /Users/erikmaanum/Projects/sanity-gatsby-wa-portfolio/studio undefined
6 silly npmRunScript.stream [ 'dev', [], 'sanity-gatsby-portfolio-web' ]
7 silly getExecOpts /Users/erikmaanum/Projects/sanity-gatsby-wa-portfolio/web undefined
8 error Error: Command failed: npm run dev
8 error (node:7258) [DEP0128] DeprecationWarning: Invalid 'main' field in '/Users/erikmaanum/Projects/sanity-gatsby-wa-portfolio/studio/node_modules/webpack-dev-middleware/package.json' of 'middleware.js'. Please either fix that or report it to the module author
8 error (Use `node --trace-deprecation ...` to show where the warning was created)
8 error
8 error
8 error > sanity-gatsby-portfolio-studio@1.0.2 dev /Users/erikmaanum/Projects/sanity-gatsby-wa-portfolio/studio
8 error > sanity start
8 error
8 error webpack built 61ec6a151048e4a6182c in 60933ms
8 error Content Studio successfully compiled! Go to http://localhost:3333
8 error
8 error     at makeError (/Users/erikmaanum/Projects/sanity-gatsby-wa-portfolio/node_modules/execa/index.js:174:9)
8 error     at /Users/erikmaanum/Projects/sanity-gatsby-wa-portfolio/node_modules/execa/index.js:278:16
